<?xml version="1.0" encoding="UTF-8"?>
<testng-results skipped="0" failed="0" ignored="0" total="1" passed="1">
  <reporter-output>
  </reporter-output>
  <suite name="Default suite" duration-ms="21379" started-at="2020-04-10T06:51:29Z" finished-at="2020-04-10T06:51:50Z">
    <groups>
    </groups>
    <test name="Default test" duration-ms="21379" started-at="2020-04-10T06:51:29Z" finished-at="2020-04-10T06:51:50Z">
      <class name="appium.BrowserTest">
        <test-method status="PASS" signature="testBrowser()[pri:0, instance:appium.BrowserTest@5d740a0f]" name="testBrowser" duration-ms="21363" started-at="2020-04-10T06:51:29Z" finished-at="2020-04-10T06:51:50Z">
          <reporter-output>
          </reporter-output>
        </test-method> <!-- testBrowser -->
      </class> <!-- appium.BrowserTest -->
    </test> <!-- Default test -->
  </suite> <!-- Default suite -->
</testng-results>
